nohup: no se tendrá en cuenta la entrada

> rising@0.0.1 start
> node index.js

mongodb://127.0.0.1:17777/rising
node:events:495
      throw er; // Unhandled 'error' event
      ^

Error: listen EADDRINUSE: address already in use :::3977
    at Server.setupListenHandle [as _listen2] (node:net:1817:16)
    at listenInCluster (node:net:1865:12)
    at Server.listen (node:net:1953:7)
    at Function.listen (/home/bejoycesuservps/Proyectos/Rising/back/node_modules/express/lib/application.js:635:24)
    at /home/bejoycesuservps/Proyectos/Rising/back/index.js:16:9
    at /home/bejoycesuservps/Proyectos/Rising/back/node_modules/mongoose/lib/connection.js:841:15
    at process.processTicksAndRejections (node:internal/process/task_queues:95:5)
Emitted 'error' event on Server instance at:
    at emitErrorNT (node:net:1844:8)
    at process.processTicksAndRejections (node:internal/process/task_queues:82:21) {
  code: 'EADDRINUSE',
  errno: -98,
  syscall: 'listen',
  address: '::',
  port: 3977
}

Node.js v18.18.0
